[0.016s] Invoking command in '/home/chris/dev_ws/build/my_package': CMAKE_PREFIX_PATH=${CMAKE_PREFIX_PATH}:/opt/ros/foxy /usr/bin/cmake --build /home/chris/dev_ws/build/my_package -- -j4 -l4
[0.037s] -- Found ament_cmake: 0.9.11 (/opt/ros/foxy/share/ament_cmake/cmake)
[0.056s] -- Using PYTHON_EXECUTABLE: /usr/bin/python3
[0.201s] -- Override CMake install command with custom implementation using symlinks instead of copying resources
[0.207s] -- Found ament_lint_auto: 0.9.8 (/opt/ros/foxy/share/ament_lint_auto/cmake)
[0.266s] -- Added test 'copyright' to check source files copyright and LICENSE
[0.271s] -- Added test 'flake8' to check Python code syntax and style conventions
[0.272s] -- Added test 'lint_cmake' to check CMake code style
[0.273s] -- Added test 'pep257' to check Python code against some of the style conventions in PEP 257
[0.275s] -- Added test 'xmllint' to check XML markup files
[0.277s] -- Configuring done
[0.281s] -- Generating done
[0.282s] -- Build files have been written to: /home/chris/dev_ws/build/my_package
[0.302s] Invoked command in '/home/chris/dev_ws/build/my_package' returned '0': CMAKE_PREFIX_PATH=${CMAKE_PREFIX_PATH}:/opt/ros/foxy /usr/bin/cmake --build /home/chris/dev_ws/build/my_package -- -j4 -l4
[0.331s] Invoking command in '/home/chris/dev_ws/build/my_package': CMAKE_PREFIX_PATH=${CMAKE_PREFIX_PATH}:/opt/ros/foxy /usr/bin/cmake --install /home/chris/dev_ws/build/my_package
[0.339s] -- Install configuration: ""
[0.339s] -- Execute custom install script
[0.340s] -- Symlinking: /home/chris/dev_ws/install/my_package/share/my_package/launch/listener.launch.py
[0.349s] -- Symlinking: /home/chris/dev_ws/install/my_package/share/my_package/launch/talker.launch.py
[0.358s] -- Up-to-date symlink: /home/chris/dev_ws/install/my_package/share/ament_index/resource_index/package_run_dependencies/my_package
[0.358s] -- Up-to-date symlink: /home/chris/dev_ws/install/my_package/share/ament_index/resource_index/parent_prefix_path/my_package
[0.358s] -- Up-to-date symlink: /home/chris/dev_ws/install/my_package/share/my_package/environment/ament_prefix_path.sh
[0.359s] -- Up-to-date symlink: /home/chris/dev_ws/install/my_package/share/my_package/environment/ament_prefix_path.dsv
[0.359s] -- Up-to-date symlink: /home/chris/dev_ws/install/my_package/share/my_package/environment/path.sh
[0.359s] -- Up-to-date symlink: /home/chris/dev_ws/install/my_package/share/my_package/environment/path.dsv
[0.359s] -- Up-to-date symlink: /home/chris/dev_ws/install/my_package/share/my_package/local_setup.bash
[0.360s] -- Up-to-date symlink: /home/chris/dev_ws/install/my_package/share/my_package/local_setup.sh
[0.360s] -- Up-to-date symlink: /home/chris/dev_ws/install/my_package/share/my_package/local_setup.zsh
[0.360s] -- Up-to-date symlink: /home/chris/dev_ws/install/my_package/share/my_package/local_setup.dsv
[0.360s] -- Symlinking: /home/chris/dev_ws/install/my_package/share/my_package/package.dsv
[0.369s] -- Up-to-date symlink: /home/chris/dev_ws/install/my_package/share/ament_index/resource_index/packages/my_package
[0.369s] -- Up-to-date symlink: /home/chris/dev_ws/install/my_package/share/my_package/cmake/my_packageConfig.cmake
[0.369s] -- Up-to-date symlink: /home/chris/dev_ws/install/my_package/share/my_package/cmake/my_packageConfig-version.cmake
[0.369s] -- Up-to-date symlink: /home/chris/dev_ws/install/my_package/share/my_package/package.xml
[0.371s] Invoked command in '/home/chris/dev_ws/build/my_package' returned '0': CMAKE_PREFIX_PATH=${CMAKE_PREFIX_PATH}:/opt/ros/foxy /usr/bin/cmake --install /home/chris/dev_ws/build/my_package
