[2.946s] DEBUG:colcon:Command line arguments: ['/usr/bin/colcon', 'build', '--symlink-install']
[2.946s] DEBUG:colcon:Parsed command line arguments: Namespace(allow_overriding=[], ament_cmake_args=None, base_paths=['.'], build_base='build', catkin_cmake_args=None, catkin_skip_building_tests=False, cmake_args=None, cmake_clean_cache=False, cmake_clean_first=False, cmake_force_configure=False, cmake_target=None, cmake_target_skip_unavailable=False, continue_on_error=False, event_handlers=None, executor='parallel', ignore_user_meta=False, install_base='install', log_base=None, log_level=None, main=<bound method BuildVerb.main of <colcon_core.verb.build.BuildVerb object at 0x7fc254362be0>>, merge_install=False, metas=['./colcon.meta'], packages_above=None, packages_above_and_dependencies=None, packages_above_depth=None, packages_end=None, packages_ignore=None, packages_ignore_regex=None, packages_select=None, packages_select_build_failed=False, packages_select_by_dep=None, packages_select_regex=None, packages_select_test_failures=False, packages_skip=None, packages_skip_build_finished=False, packages_skip_by_dep=None, packages_skip_regex=None, packages_skip_test_passed=False, packages_skip_up_to=None, packages_start=None, packages_up_to=None, packages_up_to_regex=None, parallel_workers=4, paths=None, symlink_install=True, test_result_base=None, verb_extension=<colcon_core.verb.build.BuildVerb object at 0x7fc254362be0>, verb_name='build', verb_parser=<colcon_defaults.argument_parser.defaults.DefaultArgumentsDecorator object at 0x7fc25436e190>)
[3.174s] Level 1:colcon.colcon_core.package_discovery:discover_packages(colcon_meta) check parameters
[3.174s] Level 1:colcon.colcon_core.package_discovery:discover_packages(recursive) check parameters
[3.175s] Level 1:colcon.colcon_core.package_discovery:discover_packages(ignore) check parameters
[3.175s] Level 1:colcon.colcon_core.package_discovery:discover_packages(path) check parameters
[3.175s] Level 1:colcon.colcon_core.package_discovery:discover_packages(colcon_meta) discover
[3.175s] Level 1:colcon.colcon_core.package_discovery:discover_packages(recursive) discover
[3.175s] INFO:colcon.colcon_core.package_discovery:Crawling recursively for packages in '/home/chris/dev_ws'
[3.175s] Level 1:colcon.colcon_core.package_identification:_identify(.) by extensions ['ignore', 'ignore_ament_install']
[3.176s] Level 1:colcon.colcon_core.package_identification:_identify(.) by extension 'ignore'
[3.176s] Level 1:colcon.colcon_core.package_identification:_identify(.) by extension 'ignore_ament_install'
[3.176s] Level 1:colcon.colcon_core.package_identification:_identify(.) by extensions ['colcon_pkg']
[3.176s] Level 1:colcon.colcon_core.package_identification:_identify(.) by extension 'colcon_pkg'
[3.176s] Level 1:colcon.colcon_core.package_identification:_identify(.) by extensions ['colcon_meta']
[3.177s] Level 1:colcon.colcon_core.package_identification:_identify(.) by extension 'colcon_meta'
[3.177s] Level 1:colcon.colcon_core.package_identification:_identify(.) by extensions ['ros']
[3.177s] Level 1:colcon.colcon_core.package_identification:_identify(.) by extension 'ros'
[3.228s] Level 1:colcon.colcon_core.package_identification:_identify(.) by extensions ['cmake', 'python']
[3.228s] Level 1:colcon.colcon_core.package_identification:_identify(.) by extension 'cmake'
[3.228s] Level 1:colcon.colcon_core.package_identification:_identify(.) by extension 'python'
[3.228s] Level 1:colcon.colcon_core.package_identification:_identify(.) by extensions ['python_setup_py']
[3.228s] Level 1:colcon.colcon_core.package_identification:_identify(.) by extension 'python_setup_py'
[3.228s] Level 1:colcon.colcon_core.package_identification:_identify(build) by extensions ['ignore', 'ignore_ament_install']
[3.228s] Level 1:colcon.colcon_core.package_identification:_identify(build) by extension 'ignore'
[3.228s] Level 1:colcon.colcon_core.package_identification:_identify(build) ignored
[3.228s] Level 1:colcon.colcon_core.package_identification:_identify(install) by extensions ['ignore', 'ignore_ament_install']
[3.228s] Level 1:colcon.colcon_core.package_identification:_identify(install) by extension 'ignore'
[3.228s] Level 1:colcon.colcon_core.package_identification:_identify(install) ignored
[3.228s] Level 1:colcon.colcon_core.package_identification:_identify(log) by extensions ['ignore', 'ignore_ament_install']
[3.229s] Level 1:colcon.colcon_core.package_identification:_identify(log) by extension 'ignore'
[3.229s] Level 1:colcon.colcon_core.package_identification:_identify(log) ignored
[3.229s] Level 1:colcon.colcon_core.package_identification:_identify(src) by extensions ['ignore', 'ignore_ament_install']
[3.229s] Level 1:colcon.colcon_core.package_identification:_identify(src) by extension 'ignore'
[3.229s] Level 1:colcon.colcon_core.package_identification:_identify(src) by extension 'ignore_ament_install'
[3.229s] Level 1:colcon.colcon_core.package_identification:_identify(src) by extensions ['colcon_pkg']
[3.229s] Level 1:colcon.colcon_core.package_identification:_identify(src) by extension 'colcon_pkg'
[3.229s] Level 1:colcon.colcon_core.package_identification:_identify(src) by extensions ['colcon_meta']
[3.229s] Level 1:colcon.colcon_core.package_identification:_identify(src) by extension 'colcon_meta'
[3.230s] Level 1:colcon.colcon_core.package_identification:_identify(src) by extensions ['ros']
[3.230s] Level 1:colcon.colcon_core.package_identification:_identify(src) by extension 'ros'
[3.230s] Level 1:colcon.colcon_core.package_identification:_identify(src) by extensions ['cmake', 'python']
[3.230s] Level 1:colcon.colcon_core.package_identification:_identify(src) by extension 'cmake'
[3.230s] Level 1:colcon.colcon_core.package_identification:_identify(src) by extension 'python'
[3.230s] Level 1:colcon.colcon_core.package_identification:_identify(src) by extensions ['python_setup_py']
[3.230s] Level 1:colcon.colcon_core.package_identification:_identify(src) by extension 'python_setup_py'
[3.230s] Level 1:colcon.colcon_core.package_identification:_identify(src/my_package) by extensions ['ignore', 'ignore_ament_install']
[3.230s] Level 1:colcon.colcon_core.package_identification:_identify(src/my_package) by extension 'ignore'
[3.230s] Level 1:colcon.colcon_core.package_identification:_identify(src/my_package) by extension 'ignore_ament_install'
[3.231s] Level 1:colcon.colcon_core.package_identification:_identify(src/my_package) by extensions ['colcon_pkg']
[3.231s] Level 1:colcon.colcon_core.package_identification:_identify(src/my_package) by extension 'colcon_pkg'
[3.231s] Level 1:colcon.colcon_core.package_identification:_identify(src/my_package) by extensions ['colcon_meta']
[3.231s] Level 1:colcon.colcon_core.package_identification:_identify(src/my_package) by extension 'colcon_meta'
[3.231s] Level 1:colcon.colcon_core.package_identification:_identify(src/my_package) by extensions ['ros']
[3.231s] Level 1:colcon.colcon_core.package_identification:_identify(src/my_package) by extension 'ros'
[3.258s] DEBUG:colcon.colcon_core.package_identification:Package 'src/my_package' with type 'ros.ament_cmake' and name 'my_package'
[3.258s] Level 1:colcon.colcon_core.package_discovery:discover_packages(recursive) using defaults
[3.258s] Level 1:colcon.colcon_core.package_discovery:discover_packages(ignore) discover
[3.258s] Level 1:colcon.colcon_core.package_discovery:discover_packages(ignore) using defaults
[3.258s] Level 1:colcon.colcon_core.package_discovery:discover_packages(path) discover
[3.258s] Level 1:colcon.colcon_core.package_discovery:discover_packages(path) using defaults
[3.313s] Level 1:colcon.colcon_core.package_discovery:discover_packages(prefix_path) check parameters
[3.313s] Level 1:colcon.colcon_core.package_discovery:discover_packages(prefix_path) discover
[3.319s] DEBUG:colcon.colcon_installed_package_information.package_discovery:Found 1 installed packages in /home/chris/dev_ws/install
[3.320s] DEBUG:colcon.colcon_installed_package_information.package_discovery:Found 259 installed packages in /opt/ros/foxy
[3.321s] Level 1:colcon.colcon_core.package_discovery:discover_packages(prefix_path) using defaults
[3.761s] Level 5:colcon.colcon_core.verb:set package 'my_package' build argument 'cmake_args' from command line to 'None'
[3.761s] Level 5:colcon.colcon_core.verb:set package 'my_package' build argument 'cmake_target' from command line to 'None'
[3.761s] Level 5:colcon.colcon_core.verb:set package 'my_package' build argument 'cmake_target_skip_unavailable' from command line to 'False'
[3.761s] Level 5:colcon.colcon_core.verb:set package 'my_package' build argument 'cmake_clean_cache' from command line to 'False'
[3.762s] Level 5:colcon.colcon_core.verb:set package 'my_package' build argument 'cmake_clean_first' from command line to 'False'
[3.762s] Level 5:colcon.colcon_core.verb:set package 'my_package' build argument 'cmake_force_configure' from command line to 'False'
[3.762s] Level 5:colcon.colcon_core.verb:set package 'my_package' build argument 'ament_cmake_args' from command line to 'None'
[3.762s] Level 5:colcon.colcon_core.verb:set package 'my_package' build argument 'catkin_cmake_args' from command line to 'None'
[3.762s] Level 5:colcon.colcon_core.verb:set package 'my_package' build argument 'catkin_skip_building_tests' from command line to 'False'
[3.762s] DEBUG:colcon.colcon_core.verb:Building package 'my_package' with the following arguments: {'ament_cmake_args': None, 'build_base': '/home/chris/dev_ws/build/my_package', 'catkin_cmake_args': None, 'catkin_skip_building_tests': False, 'cmake_args': None, 'cmake_clean_cache': False, 'cmake_clean_first': False, 'cmake_force_configure': False, 'cmake_target': None, 'cmake_target_skip_unavailable': False, 'install_base': '/home/chris/dev_ws/install/my_package', 'merge_install': False, 'path': '/home/chris/dev_ws/src/my_package', 'symlink_install': True, 'test_result_base': None}
[3.763s] INFO:colcon.colcon_core.executor:Executing jobs using 'parallel' executor
[3.767s] DEBUG:colcon.colcon_parallel_executor.executor.parallel:run_until_complete
[3.768s] INFO:colcon.colcon_ros.task.ament_cmake.build:Building ROS package in '/home/chris/dev_ws/src/my_package' with build type 'ament_cmake'
[3.768s] INFO:colcon.colcon_cmake.task.cmake.build:Building CMake package in '/home/chris/dev_ws/src/my_package'
[3.798s] INFO:colcon.colcon_core.plugin_system:Skipping extension 'colcon_core.shell.bat': Not used on non-Windows systems
[3.798s] INFO:colcon.colcon_core.shell:Skip shell extension 'powershell' for command environment: Not usable outside of PowerShell
[3.798s] DEBUG:colcon.colcon_core.shell:Skip shell extension 'dsv' for command environment
[3.836s] DEBUG:colcon.colcon_core.event_handler.log_command:Invoking command in '/home/chris/dev_ws/build/my_package': CMAKE_PREFIX_PATH=${CMAKE_PREFIX_PATH}:/opt/ros/foxy /usr/bin/cmake --build /home/chris/dev_ws/build/my_package -- -j4 -l4
[4.155s] DEBUG:colcon.colcon_core.event_handler.log_command:Invoked command in '/home/chris/dev_ws/build/my_package' returned '0': CMAKE_PREFIX_PATH=${CMAKE_PREFIX_PATH}:/opt/ros/foxy /usr/bin/cmake --build /home/chris/dev_ws/build/my_package -- -j4 -l4
[4.183s] DEBUG:colcon.colcon_core.event_handler.log_command:Invoking command in '/home/chris/dev_ws/build/my_package': CMAKE_PREFIX_PATH=${CMAKE_PREFIX_PATH}:/opt/ros/foxy /usr/bin/cmake --install /home/chris/dev_ws/build/my_package
[4.214s] Level 1:colcon.colcon_core.environment:create_environment_scripts_only(my_package)
[4.215s] DEBUG:colcon.colcon_core.event_handler.log_command:Invoked command in '/home/chris/dev_ws/build/my_package' returned '0': CMAKE_PREFIX_PATH=${CMAKE_PREFIX_PATH}:/opt/ros/foxy /usr/bin/cmake --install /home/chris/dev_ws/build/my_package
[4.228s] Level 1:colcon.colcon_core.environment:checking '/home/chris/dev_ws/install/my_package' for CMake module files
[4.229s] Level 1:colcon.colcon_core.environment:checking '/home/chris/dev_ws/install/my_package' for CMake config files
[4.229s] Level 1:colcon.colcon_core.shell:create_environment_hook('my_package', 'cmake_prefix_path')
[4.231s] INFO:colcon.colcon_core.shell:Creating environment hook '/home/chris/dev_ws/install/my_package/share/my_package/hook/cmake_prefix_path.ps1'
[4.259s] INFO:colcon.colcon_core.shell:Creating environment descriptor '/home/chris/dev_ws/install/my_package/share/my_package/hook/cmake_prefix_path.dsv'
[4.259s] INFO:colcon.colcon_core.shell:Creating environment hook '/home/chris/dev_ws/install/my_package/share/my_package/hook/cmake_prefix_path.sh'
[4.261s] Level 1:colcon.colcon_core.environment:checking '/home/chris/dev_ws/install/my_package/bin'
[4.261s] Level 1:colcon.colcon_core.environment:checking '/home/chris/dev_ws/install/my_package/lib/pkgconfig/my_package.pc'
[4.261s] Level 1:colcon.colcon_core.environment:checking '/home/chris/dev_ws/install/my_package/lib/python3.8/site-packages'
[4.261s] Level 1:colcon.colcon_core.environment:checking '/home/chris/dev_ws/install/my_package/bin'
[4.262s] INFO:colcon.colcon_core.shell:Creating package script '/home/chris/dev_ws/install/my_package/share/my_package/package.ps1'
[4.264s] INFO:colcon.colcon_core.shell:Creating package descriptor '/home/chris/dev_ws/install/my_package/share/my_package/package.dsv'
[4.264s] INFO:colcon.colcon_core.shell:Creating package script '/home/chris/dev_ws/install/my_package/share/my_package/package.sh'
[4.265s] INFO:colcon.colcon_core.shell:Creating package script '/home/chris/dev_ws/install/my_package/share/my_package/package.bash'
[4.267s] INFO:colcon.colcon_core.shell:Creating package script '/home/chris/dev_ws/install/my_package/share/my_package/package.zsh'
[4.268s] Level 1:colcon.colcon_core.environment:create_file_with_runtime_dependencies(/home/chris/dev_ws/install/my_package/share/colcon-core/packages/my_package)
[4.291s] Level 1:colcon.colcon_core.environment:create_environment_scripts_only(my_package)
[4.293s] Level 1:colcon.colcon_core.environment:checking '/home/chris/dev_ws/install/my_package' for CMake module files
[4.293s] Level 1:colcon.colcon_core.environment:checking '/home/chris/dev_ws/install/my_package' for CMake config files
[4.294s] Level 1:colcon.colcon_core.shell:create_environment_hook('my_package', 'cmake_prefix_path')
[4.295s] INFO:colcon.colcon_core.shell:Creating environment hook '/home/chris/dev_ws/install/my_package/share/my_package/hook/cmake_prefix_path.ps1'
[4.295s] INFO:colcon.colcon_core.shell:Creating environment descriptor '/home/chris/dev_ws/install/my_package/share/my_package/hook/cmake_prefix_path.dsv'
[4.296s] INFO:colcon.colcon_core.shell:Creating environment hook '/home/chris/dev_ws/install/my_package/share/my_package/hook/cmake_prefix_path.sh'
[4.296s] Level 1:colcon.colcon_core.environment:checking '/home/chris/dev_ws/install/my_package/bin'
[4.296s] Level 1:colcon.colcon_core.environment:checking '/home/chris/dev_ws/install/my_package/lib/pkgconfig/my_package.pc'
[4.296s] Level 1:colcon.colcon_core.environment:checking '/home/chris/dev_ws/install/my_package/lib/python3.8/site-packages'
[4.297s] Level 1:colcon.colcon_core.environment:checking '/home/chris/dev_ws/install/my_package/bin'
[4.298s] INFO:colcon.colcon_core.shell:Creating package script '/home/chris/dev_ws/install/my_package/share/my_package/package.ps1'
[4.298s] INFO:colcon.colcon_core.shell:Creating package descriptor '/home/chris/dev_ws/install/my_package/share/my_package/package.dsv'
[4.299s] INFO:colcon.colcon_core.shell:Creating package script '/home/chris/dev_ws/install/my_package/share/my_package/package.sh'
[4.299s] INFO:colcon.colcon_core.shell:Creating package script '/home/chris/dev_ws/install/my_package/share/my_package/package.bash'
[4.299s] INFO:colcon.colcon_core.shell:Creating package script '/home/chris/dev_ws/install/my_package/share/my_package/package.zsh'
[4.300s] Level 1:colcon.colcon_core.environment:create_file_with_runtime_dependencies(/home/chris/dev_ws/install/my_package/share/colcon-core/packages/my_package)
[4.300s] DEBUG:colcon.colcon_parallel_executor.executor.parallel:closing loop
[4.300s] DEBUG:colcon.colcon_parallel_executor.executor.parallel:loop closed
[4.300s] DEBUG:colcon.colcon_parallel_executor.executor.parallel:run_until_complete finished with '0'
[4.301s] DEBUG:colcon.colcon_core.event_reactor:joining thread
[4.308s] INFO:colcon.colcon_core.plugin_system:Skipping extension 'colcon_notification.desktop_notification.terminal_notifier': Not used on non-Darwin systems
[4.309s] INFO:colcon.colcon_core.plugin_system:Skipping extension 'colcon_notification.desktop_notification.win32': Not used on non-Windows systems
[4.309s] INFO:colcon.colcon_notification.desktop_notification:Sending desktop notification using 'notify2'
[4.324s] DEBUG:colcon.colcon_core.event_reactor:joined thread
[4.325s] INFO:colcon.colcon_core.shell:Creating prefix script '/home/chris/dev_ws/install/local_setup.ps1'
[4.336s] INFO:colcon.colcon_core.shell:Creating prefix util module '/home/chris/dev_ws/install/_local_setup_util_ps1.py'
[4.337s] INFO:colcon.colcon_core.shell:Creating prefix chain script '/home/chris/dev_ws/install/setup.ps1'
[4.339s] INFO:colcon.colcon_core.shell:Creating prefix script '/home/chris/dev_ws/install/local_setup.sh'
[4.340s] INFO:colcon.colcon_core.shell:Creating prefix util module '/home/chris/dev_ws/install/_local_setup_util_sh.py'
[4.341s] INFO:colcon.colcon_core.shell:Creating prefix chain script '/home/chris/dev_ws/install/setup.sh'
[4.347s] INFO:colcon.colcon_core.shell:Creating prefix script '/home/chris/dev_ws/install/local_setup.bash'
[4.348s] INFO:colcon.colcon_core.shell:Creating prefix chain script '/home/chris/dev_ws/install/setup.bash'
[4.350s] INFO:colcon.colcon_core.shell:Creating prefix script '/home/chris/dev_ws/install/local_setup.zsh'
[4.352s] INFO:colcon.colcon_core.shell:Creating prefix chain script '/home/chris/dev_ws/install/setup.zsh'
