[0.015s] Invoking command in '/home/chris/dev_ws/build/my_package': CMAKE_PREFIX_PATH=/opt/ros/foxy /usr/bin/cmake --build /home/chris/dev_ws/build/my_package -- -j4 -l4
[0.054s] Invoked command in '/home/chris/dev_ws/build/my_package' returned '0': CMAKE_PREFIX_PATH=/opt/ros/foxy /usr/bin/cmake --build /home/chris/dev_ws/build/my_package -- -j4 -l4
[0.085s] Invoking command in '/home/chris/dev_ws/build/my_package': CMAKE_PREFIX_PATH=/opt/ros/foxy /usr/bin/cmake --install /home/chris/dev_ws/build/my_package
[0.092s] -- Install configuration: ""
[0.092s] -- Execute custom install script
[0.093s] -- Up-to-date symlink: /home/chris/dev_ws/install/my_package/share/my_package/launch/listener.launch.py
[0.094s] -- Symlinking: /home/chris/dev_ws/install/my_package/share/my_package/launch/rsp.launch.py
[0.102s] -- Symlinking: /home/chris/dev_ws/install/my_package/share/my_package/launch/rsp_sim.launch.py
[0.114s] -- Up-to-date symlink: /home/chris/dev_ws/install/my_package/share/my_package/launch/talker.launch.py
[0.115s] -- Up-to-date symlink: /home/chris/dev_ws/install/my_package/share/my_package/launch/xacr.launch.py
[0.115s] -- Up-to-date symlink: /home/chris/dev_ws/install/my_package/share/ament_index/resource_index/package_run_dependencies/my_package
[0.115s] -- Up-to-date symlink: /home/chris/dev_ws/install/my_package/share/ament_index/resource_index/parent_prefix_path/my_package
[0.116s] -- Up-to-date symlink: /home/chris/dev_ws/install/my_package/share/my_package/environment/ament_prefix_path.sh
[0.116s] -- Up-to-date symlink: /home/chris/dev_ws/install/my_package/share/my_package/environment/ament_prefix_path.dsv
[0.117s] -- Up-to-date symlink: /home/chris/dev_ws/install/my_package/share/my_package/environment/path.sh
[0.118s] -- Up-to-date symlink: /home/chris/dev_ws/install/my_package/share/my_package/environment/path.dsv
[0.118s] -- Up-to-date symlink: /home/chris/dev_ws/install/my_package/share/my_package/local_setup.bash
[0.119s] -- Up-to-date symlink: /home/chris/dev_ws/install/my_package/share/my_package/local_setup.sh
[0.119s] -- Up-to-date symlink: /home/chris/dev_ws/install/my_package/share/my_package/local_setup.zsh
[0.119s] -- Up-to-date symlink: /home/chris/dev_ws/install/my_package/share/my_package/local_setup.dsv
[0.120s] -- Symlinking: /home/chris/dev_ws/install/my_package/share/my_package/package.dsv
[0.127s] -- Up-to-date symlink: /home/chris/dev_ws/install/my_package/share/ament_index/resource_index/packages/my_package
[0.127s] -- Up-to-date symlink: /home/chris/dev_ws/install/my_package/share/my_package/cmake/my_packageConfig.cmake
[0.128s] -- Up-to-date symlink: /home/chris/dev_ws/install/my_package/share/my_package/cmake/my_packageConfig-version.cmake
[0.128s] -- Up-to-date symlink: /home/chris/dev_ws/install/my_package/share/my_package/package.xml
[0.131s] Invoked command in '/home/chris/dev_ws/build/my_package' returned '0': CMAKE_PREFIX_PATH=/opt/ros/foxy /usr/bin/cmake --install /home/chris/dev_ws/build/my_package
