[0.015s] Invoking command in '/home/chris/dev_ws/build/my_package': CMAKE_PREFIX_PATH=/opt/ros/foxy /usr/bin/cmake --build /home/chris/dev_ws/build/my_package -- -j4 -l4
[0.050s] Invoked command in '/home/chris/dev_ws/build/my_package' returned '0': CMAKE_PREFIX_PATH=/opt/ros/foxy /usr/bin/cmake --build /home/chris/dev_ws/build/my_package -- -j4 -l4
[0.080s] Invoking command in '/home/chris/dev_ws/build/my_package': CMAKE_PREFIX_PATH=/opt/ros/foxy /usr/bin/cmake --install /home/chris/dev_ws/build/my_package
[0.087s] -- Install configuration: ""
[0.087s] -- Execute custom install script
[0.088s] -- Up-to-date symlink: /home/chris/dev_ws/install/my_package/share/my_package/launch/listener.launch.py
[0.088s] -- Up-to-date symlink: /home/chris/dev_ws/install/my_package/share/my_package/launch/talker.launch.py
[0.088s] -- Up-to-date symlink: /home/chris/dev_ws/install/my_package/share/ament_index/resource_index/package_run_dependencies/my_package
[0.088s] -- Up-to-date symlink: /home/chris/dev_ws/install/my_package/share/ament_index/resource_index/parent_prefix_path/my_package
[0.088s] -- Up-to-date symlink: /home/chris/dev_ws/install/my_package/share/my_package/environment/ament_prefix_path.sh
[0.089s] -- Up-to-date symlink: /home/chris/dev_ws/install/my_package/share/my_package/environment/ament_prefix_path.dsv
[0.089s] -- Up-to-date symlink: /home/chris/dev_ws/install/my_package/share/my_package/environment/path.sh
[0.089s] -- Up-to-date symlink: /home/chris/dev_ws/install/my_package/share/my_package/environment/path.dsv
[0.090s] -- Up-to-date symlink: /home/chris/dev_ws/install/my_package/share/my_package/local_setup.bash
[0.090s] -- Up-to-date symlink: /home/chris/dev_ws/install/my_package/share/my_package/local_setup.sh
[0.090s] -- Up-to-date symlink: /home/chris/dev_ws/install/my_package/share/my_package/local_setup.zsh
[0.090s] -- Up-to-date symlink: /home/chris/dev_ws/install/my_package/share/my_package/local_setup.dsv
[0.090s] -- Symlinking: /home/chris/dev_ws/install/my_package/share/my_package/package.dsv
[0.099s] -- Up-to-date symlink: /home/chris/dev_ws/install/my_package/share/ament_index/resource_index/packages/my_package
[0.099s] -- Up-to-date symlink: /home/chris/dev_ws/install/my_package/share/my_package/cmake/my_packageConfig.cmake
[0.099s] -- Up-to-date symlink: /home/chris/dev_ws/install/my_package/share/my_package/cmake/my_packageConfig-version.cmake
[0.099s] -- Up-to-date symlink: /home/chris/dev_ws/install/my_package/share/my_package/package.xml
[0.101s] Invoked command in '/home/chris/dev_ws/build/my_package' returned '0': CMAKE_PREFIX_PATH=/opt/ros/foxy /usr/bin/cmake --install /home/chris/dev_ws/build/my_package
