[0.067s] Invoking command in '/home/chris/dev_ws/build/my_package': CMAKE_PREFIX_PATH=${CMAKE_PREFIX_PATH}:/opt/ros/foxy /usr/bin/cmake --build /home/chris/dev_ws/build/my_package -- -j4 -l4
[0.387s] Invoked command in '/home/chris/dev_ws/build/my_package' returned '0': CMAKE_PREFIX_PATH=${CMAKE_PREFIX_PATH}:/opt/ros/foxy /usr/bin/cmake --build /home/chris/dev_ws/build/my_package -- -j4 -l4
[0.415s] Invoking command in '/home/chris/dev_ws/build/my_package': CMAKE_PREFIX_PATH=${CMAKE_PREFIX_PATH}:/opt/ros/foxy /usr/bin/cmake --install /home/chris/dev_ws/build/my_package
[0.422s] -- Install configuration: ""
[0.423s] -- Execute custom install script
[0.425s] -- Up-to-date symlink: /home/chris/dev_ws/install/my_package/share/my_package/launch/listener.launch.py
[0.426s] -- Up-to-date symlink: /home/chris/dev_ws/install/my_package/share/my_package/launch/talker.launch.py
[0.426s] -- Up-to-date symlink: /home/chris/dev_ws/install/my_package/share/my_package/launch/xacr.launch.py
[0.426s] -- Up-to-date symlink: /home/chris/dev_ws/install/my_package/share/ament_index/resource_index/package_run_dependencies/my_package
[0.427s] -- Up-to-date symlink: /home/chris/dev_ws/install/my_package/share/ament_index/resource_index/parent_prefix_path/my_package
[0.428s] -- Up-to-date symlink: /home/chris/dev_ws/install/my_package/share/my_package/environment/ament_prefix_path.sh
[0.428s] -- Up-to-date symlink: /home/chris/dev_ws/install/my_package/share/my_package/environment/ament_prefix_path.dsv
[0.429s] -- Up-to-date symlink: /home/chris/dev_ws/install/my_package/share/my_package/environment/path.sh
[0.429s] -- Up-to-date symlink: /home/chris/dev_ws/install/my_package/share/my_package/environment/path.dsv
[0.429s] -- Up-to-date symlink: /home/chris/dev_ws/install/my_package/share/my_package/local_setup.bash
[0.430s] -- Up-to-date symlink: /home/chris/dev_ws/install/my_package/share/my_package/local_setup.sh
[0.431s] -- Up-to-date symlink: /home/chris/dev_ws/install/my_package/share/my_package/local_setup.zsh
[0.431s] -- Up-to-date symlink: /home/chris/dev_ws/install/my_package/share/my_package/local_setup.dsv
[0.431s] -- Symlinking: /home/chris/dev_ws/install/my_package/share/my_package/package.dsv
[0.441s] -- Up-to-date symlink: /home/chris/dev_ws/install/my_package/share/ament_index/resource_index/packages/my_package
[0.443s] -- Up-to-date symlink: /home/chris/dev_ws/install/my_package/share/my_package/cmake/my_packageConfig.cmake
[0.443s] -- Up-to-date symlink: /home/chris/dev_ws/install/my_package/share/my_package/cmake/my_packageConfig-version.cmake
[0.444s] -- Up-to-date symlink: /home/chris/dev_ws/install/my_package/share/my_package/package.xml
[0.446s] Invoked command in '/home/chris/dev_ws/build/my_package' returned '0': CMAKE_PREFIX_PATH=${CMAKE_PREFIX_PATH}:/opt/ros/foxy /usr/bin/cmake --install /home/chris/dev_ws/build/my_package
