[0.016s] Invoking command in '/home/chris/dev_ws/src/build/my_package': CMAKE_PREFIX_PATH=${CMAKE_PREFIX_PATH}:/opt/ros/foxy /usr/bin/cmake --build /home/chris/dev_ws/src/build/my_package -- -j4 -l4
[0.054s] Invoked command in '/home/chris/dev_ws/src/build/my_package' returned '0': CMAKE_PREFIX_PATH=${CMAKE_PREFIX_PATH}:/opt/ros/foxy /usr/bin/cmake --build /home/chris/dev_ws/src/build/my_package -- -j4 -l4
[0.080s] Invoking command in '/home/chris/dev_ws/src/build/my_package': CMAKE_PREFIX_PATH=${CMAKE_PREFIX_PATH}:/opt/ros/foxy /usr/bin/cmake --install /home/chris/dev_ws/src/build/my_package
[0.087s] -- Install configuration: ""
[0.087s] -- Execute custom install script
[0.088s] -- Symlinking: /home/chris/dev_ws/src/install/my_package/share/my_package/launch/__pycache__/rsp.launch.cpython-38.pyc
[0.095s] -- Up-to-date symlink: /home/chris/dev_ws/src/install/my_package/share/my_package/launch/listener.launch.py
[0.095s] -- Up-to-date symlink: /home/chris/dev_ws/src/install/my_package/share/my_package/launch/rsp.launch.py
[0.096s] -- Up-to-date symlink: /home/chris/dev_ws/src/install/my_package/share/my_package/launch/rsp_sim.launch.py
[0.096s] -- Up-to-date symlink: /home/chris/dev_ws/src/install/my_package/share/my_package/launch/talker.launch.py
[0.097s] -- Up-to-date symlink: /home/chris/dev_ws/src/install/my_package/share/my_package/launch/xacr.launch.py
[0.098s] -- Up-to-date symlink: /home/chris/dev_ws/src/install/my_package/share/ament_index/resource_index/package_run_dependencies/my_package
[0.098s] -- Up-to-date symlink: /home/chris/dev_ws/src/install/my_package/share/ament_index/resource_index/parent_prefix_path/my_package
[0.099s] -- Up-to-date symlink: /home/chris/dev_ws/src/install/my_package/share/my_package/environment/ament_prefix_path.sh
[0.099s] -- Up-to-date symlink: /home/chris/dev_ws/src/install/my_package/share/my_package/environment/ament_prefix_path.dsv
[0.100s] -- Up-to-date symlink: /home/chris/dev_ws/src/install/my_package/share/my_package/environment/path.sh
[0.100s] -- Up-to-date symlink: /home/chris/dev_ws/src/install/my_package/share/my_package/environment/path.dsv
[0.101s] -- Up-to-date symlink: /home/chris/dev_ws/src/install/my_package/share/my_package/local_setup.bash
[0.101s] -- Up-to-date symlink: /home/chris/dev_ws/src/install/my_package/share/my_package/local_setup.sh
[0.102s] -- Up-to-date symlink: /home/chris/dev_ws/src/install/my_package/share/my_package/local_setup.zsh
[0.102s] -- Up-to-date symlink: /home/chris/dev_ws/src/install/my_package/share/my_package/local_setup.dsv
[0.103s] -- Symlinking: /home/chris/dev_ws/src/install/my_package/share/my_package/package.dsv
[0.111s] -- Up-to-date symlink: /home/chris/dev_ws/src/install/my_package/share/ament_index/resource_index/packages/my_package
[0.112s] -- Up-to-date symlink: /home/chris/dev_ws/src/install/my_package/share/my_package/cmake/my_packageConfig.cmake
[0.112s] -- Up-to-date symlink: /home/chris/dev_ws/src/install/my_package/share/my_package/cmake/my_packageConfig-version.cmake
[0.112s] -- Up-to-date symlink: /home/chris/dev_ws/src/install/my_package/share/my_package/package.xml
[0.114s] Invoked command in '/home/chris/dev_ws/src/build/my_package' returned '0': CMAKE_PREFIX_PATH=${CMAKE_PREFIX_PATH}:/opt/ros/foxy /usr/bin/cmake --install /home/chris/dev_ws/src/build/my_package
