[0.014s] Invoking command in '/home/chris/dev_ws/src/build/my_package': CMAKE_PREFIX_PATH=/opt/ros/foxy /usr/bin/cmake /home/chris/dev_ws/src/my_package -DAMENT_CMAKE_SYMLINK_INSTALL=1 -DCMAKE_INSTALL_PREFIX=/home/chris/dev_ws/src/install/my_package
[0.073s] -- The C compiler identification is GNU 9.4.0
[0.124s] -- The CXX compiler identification is GNU 9.4.0
[0.130s] -- Check for working C compiler: /usr/bin/cc
[0.193s] -- Check for working C compiler: /usr/bin/cc -- works
[0.193s] -- Detecting C compiler ABI info
[0.289s] -- Detecting C compiler ABI info - done
[0.299s] -- Detecting C compile features
[0.299s] -- Detecting C compile features - done
[0.301s] -- Check for working CXX compiler: /usr/bin/c++
[0.377s] -- Check for working CXX compiler: /usr/bin/c++ -- works
[0.378s] -- Detecting CXX compiler ABI info
[0.455s] -- Detecting CXX compiler ABI info - done
[0.464s] -- Detecting CXX compile features
[0.464s] -- Detecting CXX compile features - done
[0.500s] -- Found ament_cmake: 0.9.11 (/opt/ros/foxy/share/ament_cmake/cmake)
[0.560s] -- Found PythonInterp: /usr/bin/python3 (found suitable version "3.8.10", minimum required is "3") 
[0.560s] -- Using PYTHON_EXECUTABLE: /usr/bin/python3
[0.719s] -- Override CMake install command with custom implementation using symlinks instead of copying resources
[0.795s] -- Found ament_lint_auto: 0.9.8 (/opt/ros/foxy/share/ament_lint_auto/cmake)
[0.917s] -- Added test 'copyright' to check source files copyright and LICENSE
[0.937s] -- Added test 'flake8' to check Python code syntax and style conventions
[0.939s] -- Added test 'lint_cmake' to check CMake code style
[0.940s] -- Added test 'pep257' to check Python code against some of the style conventions in PEP 257
[0.944s] -- Added test 'xmllint' to check XML markup files
[0.949s] -- Configuring done
[0.955s] -- Generating done
[0.956s] -- Build files have been written to: /home/chris/dev_ws/src/build/my_package
[0.963s] Invoked command in '/home/chris/dev_ws/src/build/my_package' returned '0': CMAKE_PREFIX_PATH=/opt/ros/foxy /usr/bin/cmake /home/chris/dev_ws/src/my_package -DAMENT_CMAKE_SYMLINK_INSTALL=1 -DCMAKE_INSTALL_PREFIX=/home/chris/dev_ws/src/install/my_package
[0.963s] Invoking command in '/home/chris/dev_ws/src/build/my_package': CMAKE_PREFIX_PATH=/opt/ros/foxy /usr/bin/cmake --build /home/chris/dev_ws/src/build/my_package -- -j4 -l4
[1.002s] Invoked command in '/home/chris/dev_ws/src/build/my_package' returned '0': CMAKE_PREFIX_PATH=/opt/ros/foxy /usr/bin/cmake --build /home/chris/dev_ws/src/build/my_package -- -j4 -l4
[1.035s] Invoking command in '/home/chris/dev_ws/src/build/my_package': CMAKE_PREFIX_PATH=/opt/ros/foxy /usr/bin/cmake --install /home/chris/dev_ws/src/build/my_package
[1.042s] -- Install configuration: ""
[1.042s] -- Execute custom install script
[1.043s] -- Symlinking: /home/chris/dev_ws/src/install/my_package/share/my_package/launch/listener.launch.py
[1.057s] -- Symlinking: /home/chris/dev_ws/src/install/my_package/share/my_package/launch/rsp.launch.py
[1.065s] -- Symlinking: /home/chris/dev_ws/src/install/my_package/share/my_package/launch/rsp_sim.launch.py
[1.073s] -- Symlinking: /home/chris/dev_ws/src/install/my_package/share/my_package/launch/talker.launch.py
[1.081s] -- Symlinking: /home/chris/dev_ws/src/install/my_package/share/my_package/launch/xacr.launch.py
[1.094s] -- Symlinking: /home/chris/dev_ws/src/install/my_package/share/ament_index/resource_index/package_run_dependencies/my_package
[1.102s] -- Symlinking: /home/chris/dev_ws/src/install/my_package/share/ament_index/resource_index/parent_prefix_path/my_package
[1.110s] -- Symlinking: /home/chris/dev_ws/src/install/my_package/share/my_package/environment/ament_prefix_path.sh
[1.119s] -- Symlinking: /home/chris/dev_ws/src/install/my_package/share/my_package/environment/ament_prefix_path.dsv
[1.128s] -- Symlinking: /home/chris/dev_ws/src/install/my_package/share/my_package/environment/path.sh
[1.136s] -- Symlinking: /home/chris/dev_ws/src/install/my_package/share/my_package/environment/path.dsv
[1.144s] -- Symlinking: /home/chris/dev_ws/src/install/my_package/share/my_package/local_setup.bash
[1.152s] -- Symlinking: /home/chris/dev_ws/src/install/my_package/share/my_package/local_setup.sh
[1.160s] -- Symlinking: /home/chris/dev_ws/src/install/my_package/share/my_package/local_setup.zsh
[1.168s] -- Symlinking: /home/chris/dev_ws/src/install/my_package/share/my_package/local_setup.dsv
[1.175s] -- Symlinking: /home/chris/dev_ws/src/install/my_package/share/my_package/package.dsv
[1.184s] -- Symlinking: /home/chris/dev_ws/src/install/my_package/share/ament_index/resource_index/packages/my_package
[1.192s] -- Symlinking: /home/chris/dev_ws/src/install/my_package/share/my_package/cmake/my_packageConfig.cmake
[1.199s] -- Symlinking: /home/chris/dev_ws/src/install/my_package/share/my_package/cmake/my_packageConfig-version.cmake
[1.207s] -- Symlinking: /home/chris/dev_ws/src/install/my_package/share/my_package/package.xml
[1.218s] Invoked command in '/home/chris/dev_ws/src/build/my_package' returned '0': CMAKE_PREFIX_PATH=/opt/ros/foxy /usr/bin/cmake --install /home/chris/dev_ws/src/build/my_package
