[0.015s] Invoking command in '/home/chris/dev_ws/build/my_package': CMAKE_PREFIX_PATH=/opt/ros/foxy /usr/bin/cmake /home/chris/dev_ws/src/my_package -DAMENT_CMAKE_SYMLINK_INSTALL=1 -DCMAKE_INSTALL_PREFIX=/home/chris/dev_ws/install/my_package
[0.857s] -- The C compiler identification is GNU 9.4.0
[0.918s] -- The CXX compiler identification is GNU 9.4.0
[0.923s] -- Check for working C compiler: /usr/bin/cc
[1.004s] -- Check for working C compiler: /usr/bin/cc -- works
[1.005s] -- Detecting C compiler ABI info
[1.087s] -- Detecting C compiler ABI info - done
[1.097s] -- Detecting C compile features
[1.097s] -- Detecting C compile features - done
[1.100s] -- Check for working CXX compiler: /usr/bin/c++
[1.182s] -- Check for working CXX compiler: /usr/bin/c++ -- works
[1.183s] -- Detecting CXX compiler ABI info
[1.257s] -- Detecting CXX compiler ABI info - done
[1.268s] -- Detecting CXX compile features
[1.269s] -- Detecting CXX compile features - done
[1.272s] -- Found ament_cmake: 0.9.11 (/opt/ros/foxy/share/ament_cmake/cmake)
[1.292s] -- Found PythonInterp: /usr/bin/python3 (found suitable version "3.8.10", minimum required is "3") 
[1.292s] -- Using PYTHON_EXECUTABLE: /usr/bin/python3
[1.444s] -- Override CMake install command with custom implementation using symlinks instead of copying resources
[1.471s] -- Found ament_lint_auto: 0.9.8 (/opt/ros/foxy/share/ament_lint_auto/cmake)
[1.541s] -- Added test 'copyright' to check source files copyright and LICENSE
[1.543s] -- Added test 'flake8' to check Python code syntax and style conventions
[1.544s] -- Added test 'lint_cmake' to check CMake code style
[1.544s] -- Added test 'pep257' to check Python code against some of the style conventions in PEP 257
[1.546s] -- Added test 'xmllint' to check XML markup files
[1.551s] -- Configuring done
[1.558s] -- Generating done
[1.559s] -- Build files have been written to: /home/chris/dev_ws/build/my_package
[1.562s] Invoked command in '/home/chris/dev_ws/build/my_package' returned '0': CMAKE_PREFIX_PATH=/opt/ros/foxy /usr/bin/cmake /home/chris/dev_ws/src/my_package -DAMENT_CMAKE_SYMLINK_INSTALL=1 -DCMAKE_INSTALL_PREFIX=/home/chris/dev_ws/install/my_package
[1.565s] Invoking command in '/home/chris/dev_ws/build/my_package': CMAKE_PREFIX_PATH=/opt/ros/foxy /usr/bin/cmake --build /home/chris/dev_ws/build/my_package -- -j4 -l4
[1.602s] Invoked command in '/home/chris/dev_ws/build/my_package' returned '0': CMAKE_PREFIX_PATH=/opt/ros/foxy /usr/bin/cmake --build /home/chris/dev_ws/build/my_package -- -j4 -l4
[1.631s] Invoking command in '/home/chris/dev_ws/build/my_package': CMAKE_PREFIX_PATH=/opt/ros/foxy /usr/bin/cmake --install /home/chris/dev_ws/build/my_package
[1.638s] -- Install configuration: ""
[1.639s] -- Execute custom install script
[1.639s] -- Symlinking: /home/chris/dev_ws/install/my_package/share/ament_index/resource_index/package_run_dependencies/my_package
[1.648s] -- Symlinking: /home/chris/dev_ws/install/my_package/share/ament_index/resource_index/parent_prefix_path/my_package
[1.657s] -- Symlinking: /home/chris/dev_ws/install/my_package/share/my_package/environment/ament_prefix_path.sh
[1.667s] -- Symlinking: /home/chris/dev_ws/install/my_package/share/my_package/environment/ament_prefix_path.dsv
[1.676s] -- Symlinking: /home/chris/dev_ws/install/my_package/share/my_package/environment/path.sh
[1.684s] -- Symlinking: /home/chris/dev_ws/install/my_package/share/my_package/environment/path.dsv
[1.692s] -- Symlinking: /home/chris/dev_ws/install/my_package/share/my_package/local_setup.bash
[1.701s] -- Symlinking: /home/chris/dev_ws/install/my_package/share/my_package/local_setup.sh
[1.709s] -- Symlinking: /home/chris/dev_ws/install/my_package/share/my_package/local_setup.zsh
[1.718s] -- Symlinking: /home/chris/dev_ws/install/my_package/share/my_package/local_setup.dsv
[1.726s] -- Symlinking: /home/chris/dev_ws/install/my_package/share/my_package/package.dsv
[1.735s] -- Symlinking: /home/chris/dev_ws/install/my_package/share/ament_index/resource_index/packages/my_package
[1.744s] -- Symlinking: /home/chris/dev_ws/install/my_package/share/my_package/cmake/my_packageConfig.cmake
[1.752s] -- Symlinking: /home/chris/dev_ws/install/my_package/share/my_package/cmake/my_packageConfig-version.cmake
[1.761s] -- Symlinking: /home/chris/dev_ws/install/my_package/share/my_package/package.xml
[1.773s] Invoked command in '/home/chris/dev_ws/build/my_package' returned '0': CMAKE_PREFIX_PATH=/opt/ros/foxy /usr/bin/cmake --install /home/chris/dev_ws/build/my_package
